This is pdfeTeX, Version 3.141592-1.20a-2.2 (Web2C 7.5.3) (format=pdflatex 2005.5.18)  24 MAY 2005 23:26
entering extended mode
\write18 enabled.
**article.tex
(./article.tex
LaTeX2e <2003/12/01>
Babel <v3.8d> and hyphenation patterns for american, french, german, ngerman, d
utch, italian, norsk, portuges, spanish, swedish, nohyphenation, loaded.
(./conm-p-l.cls
Document Class: conm-p-l 1996/10/25 v1.2b CONM-P Author Class
(/usr/local/teTeX/share/texmf.tetex/tex/latex/amscls/amsproc.cls
Document Class: amsproc 2004/08/06 v2.20
\linespacing=\dimen102
\normalparindent=\dimen103
\normaltopskip=\skip41
(/usr/local/teTeX/share/texmf.tetex/tex/latex/amsmath/amsmath.sty
Package: amsmath 2000/07/18 v2.13 AMS math features
\@mathmargin=\skip42

For additional information on amsmath, use the `?' option.
(/usr/local/teTeX/share/texmf.tetex/tex/latex/amsmath/amstext.sty
Package: amstext 2000/06/29 v2.01

(/usr/local/teTeX/share/texmf.tetex/tex/latex/amsmath/amsgen.sty
File: amsgen.sty 1999/11/30 v2.0
\@emptytoks=\toks14
\ex@=\dimen104
))
(/usr/local/teTeX/share/texmf.tetex/tex/latex/amsmath/amsbsy.sty
Package: amsbsy 1999/11/29 v1.2d
\pmbraise@=\dimen105
)
(/usr/local/teTeX/share/texmf.tetex/tex/latex/amsmath/amsopn.sty
Package: amsopn 1999/12/14 v2.01 operator names
)
\inf@bad=\count79
LaTeX Info: Redefining \frac on input line 211.
\uproot@=\count80
\leftroot@=\count81
LaTeX Info: Redefining \overline on input line 307.
\classnum@=\count82
\DOTSCASE@=\count83
LaTeX Info: Redefining \ldots on input line 379.
LaTeX Info: Redefining \dots on input line 382.
LaTeX Info: Redefining \cdots on input line 467.
\Mathstrutbox@=\box26
\strutbox@=\box27
\big@size=\dimen106
LaTeX Font Info:    Redeclaring font encoding OML on input line 567.
LaTeX Font Info:    Redeclaring font encoding OMS on input line 568.
\macc@depth=\count84
\c@MaxMatrixCols=\count85
\dotsspace@=\muskip10
\c@parentequation=\count86
\dspbrk@lvl=\count87
\tag@help=\toks15
\row@=\count88
\column@=\count89
\maxfields@=\count90
\andhelp@=\toks16
\eqnshift@=\dimen107
\alignsep@=\dimen108
\tagshift@=\dimen109
\tagwidth@=\dimen110
\totwidth@=\dimen111
\lineht@=\dimen112
\@envbody=\toks17
\multlinegap=\skip43
\multlinetaggap=\skip44
\mathdisplay@stack=\toks18
LaTeX Info: Redefining \[ on input line 2666.
LaTeX Info: Redefining \] on input line 2667.
)
LaTeX Font Info:    Try loading font information for U+msa on input line 385.

(/usr/local/teTeX/share/texmf.tetex/tex/latex/amsfonts/umsa.fd
File: umsa.fd 2002/01/19 v2.2g AMS font definitions
)
(/usr/local/teTeX/share/texmf.tetex/tex/latex/amsfonts/amsfonts.sty
Package: amsfonts 2001/10/25 v2.2f
\symAMSa=\mathgroup4
\symAMSb=\mathgroup5
LaTeX Font Info:    Overwriting math alphabet `\mathfrak' in version `bold'
(Font)                  U/euf/m/n --> U/euf/b/n on input line 132.
)
\copyins=\insert233
\abstractbox=\box28
\listisep=\skip45
\c@part=\count91
\c@section=\count92
\c@subsection=\count93
\c@subsubsection=\count94
\c@paragraph=\count95
\c@subparagraph=\count96
\c@figure=\count97
\c@table=\count98
\abovecaptionskip=\skip46
\belowcaptionskip=\skip47
\captionindent=\dimen113
\thm@style=\toks19
\thm@bodyfont=\toks20
\thm@headfont=\toks21
\thm@notefont=\toks22
\thm@headpunct=\toks23
\thm@preskip=\skip48
\thm@postskip=\skip49
\thm@headsep=\skip50
\dth@everypar=\toks24
))
(/usr/local/teTeX/share/texmf.tetex/tex/latex/amsfonts/amssymb.sty
Package: amssymb 2002/01/22 v2.2d
)
(/usr/local/teTeX/share/texmf.tetex/tex/generic/xypic/xy.sty
(/usr/local/teTeX/share/texmf.tetex/tex/generic/xypic/xy.tex Bootstrap'ing:
catcodes, docmode,
(/usr/local/teTeX/share/texmf.tetex/tex/generic/xypic/xyrecat.tex)
(/usr/local/teTeX/share/texmf.tetex/tex/generic/xypic/xyidioms.tex)

 Xy-pic version 3.7 <1999/02/16>
 Copyright (c) 1991-1998 by Kristoffer H. Rose <krisrose@ens-lyon.fr>
 Xy-pic is free software: see the User's Guide for details.

Loading kernel: messages; fonts; allocations: state,
\X@c=\dimen114
\Y@c=\dimen115
\U@c=\dimen116
\D@c=\dimen117
\L@c=\dimen118
\R@c=\dimen119
\Edge@c=\toks25
\X@p=\dimen120
\Y@p=\dimen121
\U@p=\dimen122
\D@p=\dimen123
\L@p=\dimen124
\R@p=\dimen125
\Edge@p=\toks26
\X@origin=\dimen126
\Y@origin=\dimen127
\X@xbase=\dimen128
\Y@xbase=\dimen129
\X@ybase=\dimen130
\Y@ybase=\dimen131
\X@min=\dimen132
\Y@min=\dimen133
\X@max=\dimen134
\Y@max=\dimen135
\lastobjectbox@=\box29
\zerodotbox@=\box30
\almostz@=\dimen136
 direction,
\d@X=\dimen137
\d@Y=\dimen138
\K@=\count99
\KK@=\count100
\Direction=\count101
\K@dXdY=\dimen139
\K@dYdX=\dimen140
\xyread@=\read1
\xywrite@=\write3
\csp@=\count102
\quotPTK@=\dimen141

utility macros; pictures: \xy, positions,
\swaptoks@@=\toks27
\connectobjectbox@@=\box31
 objects,
\styletoks@=\toks28
 decorations;
kernel objects: directionals, circles, text; options; algorithms: directions,
edges, connections;  Xy-pic loaded)
Package: xy 1999/02/16 Xy-pic version 3.7

(/usr/local/teTeX/share/texmf.tetex/tex/generic/xypic/xyall.tex
 Xy-pic option: All features v.3.3
(/usr/local/teTeX/share/texmf.tetex/tex/generic/xypic/xycurve.tex
 Xy-pic option: Curve and Spline extension v.3.7 curve,
\crv@cnt@=\count103
\crvpts@=\toks29
\splinebox@=\box32
\splineval@=\dimen142
\splinedepth@=\dimen143
\splinetol@=\dimen144
\splinelength@=\dimen145
 circles,
\L@=\dimen146
 loaded)
(/usr/local/teTeX/share/texmf.tetex/tex/generic/xypic/xyframe.tex
 Xy-pic option: Frame and Bracket extension v.3.7 loaded)
(/usr/local/teTeX/share/texmf.tetex/tex/generic/xypic/xycmtip.tex
 Xy-pic option: Computer Modern tip extension v.3.3
(/usr/local/teTeX/share/texmf.tetex/tex/generic/xypic/xytips.tex
 Xy-pic option: More Tips extension v.3.3 loaded) loaded)
(/usr/local/teTeX/share/texmf.tetex/tex/generic/xypic/xyline.tex
 Xy-pic option: Line styles extension v.3.6
\xylinethick@=\dimen147
 loaded)
(/usr/local/teTeX/share/texmf.tetex/tex/generic/xypic/xyrotate.tex
 Xy-pic option: Rotate and Scale extension v.3.3 loaded)
(/usr/local/teTeX/share/texmf.tetex/tex/generic/xypic/xycolor.tex
 Xy-pic option: Colour extension v.3.3 loaded)
(/usr/local/teTeX/share/texmf.tetex/tex/generic/xypic/xymatrix.tex
 Xy-pic option: Matrix feature v.3.4
\Row=\count104
\Col=\count105
\queue@=\toks30
\queue@@=\toks31
\qcount@=\count106
\qcount@@=\count107
\matrixsize@=\count108
 loaded)
(/usr/local/teTeX/share/texmf.tetex/tex/generic/xypic/xyarrow.tex
 Xy-pic option: Arrow and Path feature v.3.5 path, \ar, loaded)
(/usr/local/teTeX/share/texmf.tetex/tex/generic/xypic/xygraph.tex
 Xy-pic option: Graph feature v.3.7 loaded) loaded))
\c@thm=\count109
 (./article.aux)
\openout1 = `article.aux'.

LaTeX Font Info:    Checking defaults for OML/cmm/m/it on input line 32.
LaTeX Font Info:    ... okay on input line 32.
LaTeX Font Info:    Checking defaults for T1/cmr/m/n on input line 32.
LaTeX Font Info:    ... okay on input line 32.
LaTeX Font Info:    Checking defaults for OT1/cmr/m/n on input line 32.
LaTeX Font Info:    ... okay on input line 32.
LaTeX Font Info:    Checking defaults for OMS/cmsy/m/n on input line 32.
LaTeX Font Info:    ... okay on input line 32.
LaTeX Font Info:    Checking defaults for OMX/cmex/m/n on input line 32.
LaTeX Font Info:    ... okay on input line 32.
LaTeX Font Info:    Checking defaults for U/cmr/m/n on input line 32.
LaTeX Font Info:    ... okay on input line 32.
LaTeX Font Info:    Try loading font information for U+msa on input line 32.

(/usr/local/teTeX/share/texmf.tetex/tex/latex/amsfonts/umsa.fd
File: umsa.fd 2002/01/19 v2.2g AMS font definitions
)
LaTeX Font Info:    Try loading font information for U+msb on input line 32.

(/usr/local/teTeX/share/texmf.tetex/tex/latex/amsfonts/umsb.fd
File: umsb.fd 2002/01/19 v2.2g AMS font definitions
)
LaTeX Font Info:    Try loading font information for OMS+cmr on input line 52.

(/usr/local/teTeX/share/texmf.tetex/tex/latex/base/omscmr.fd
File: omscmr.fd 1999/05/25 v2.5h Standard LaTeX font definitions
)
LaTeX Font Info:    Font shape `OMS/cmr/m/n' in size <6> not available
(Font)              Font shape `OMS/cmsy/m/n' tried instead on input line 52.
 [1{/usr/local/teTeX/share/texmf.local/fonts/map/pdftex/updmap/pdftex.map}]
Overfull \hbox (4.02846pt too wide) in paragraph at lines 78--79
\OT1/cmr/m/n/10 later in the pa-per, in par-tic-u-lar re-sults re-gard-ing the 
co-ho-mol-ogy of $2$-local Eilenberg-
 []

<xymatrix 5x1 158> [2] <xymatrix 4x1 120>
Overfull \hbox (2.85342pt too wide) in paragraph at lines 109--114
\OT1/cmr/m/n/10 mod-ules $[]$ where $\OML/cmm/m/it/10 ^^XH$ \OT1/cmr/m/n/10 is 
the im-age of the \OT1/cmr/bx/n/10 Frobe-
 []

<xymatrix 5x1 158> [3] <xymatrix 15x4 599>
Overfull \hbox (4.5547pt too wide) in paragraph at lines 167--168
\OML/cmm/m/it/10 K\OT1/cmr/m/n/10 (\OML/cmm/m/it/10 G; n\OT1/cmr/m/n/10 )$ spac
es is im-ple-mented within a C++ pro-gram in [[]]: the \OT1/cmr/m/it/10 Eilenbe
rg-MacLane
 []


Overfull \hbox (6.98265pt too wide) in paragraph at lines 170--218
[][]
 []


Underfull \vbox (badness 10000) has occurred while \output is active []

 [4]
Overfull \hbox (5.69589pt too wide) in paragraph at lines 230--231
\OT1/cmr/m/n/10 quence $(2\OML/cmm/m/it/10 ; \OT1/cmr/m/n/10 1)$. Its ex-cess i
s ex-actly $1$ and there-fore $\OML/cmm/m/it/10 Sq[]u[] \OMS/cmsy/m/n/10 2 \OML
/cmm/m/it/10 P [] H[]\OT1/cmr/m/n/10 (\OML/cmm/m/it/10 K\OT1/cmr/m/n/10 (\U/msb
/m/n/10 Z\OML/cmm/m/it/10 =\OT1/cmr/m/n/10 2\OML/cmm/m/it/10 ; n\OT1/cmr/m/n/10
 ); \U/msb/m/n/10 F[]\OT1/cmr/m/n/10 )$
 []

<xymatrix 3x1 102> [5] <xymatrix 3x3 344> [6] <xymatrix 3x1 102> <xymatrix 3x1
102> <xymatrix 9x8 310>
Underfull \vbox (badness 8019) has occurred while \output is active []

 [7]
<xymatrix 2x1 44> <xymatrix 3x1 82> <xymatrix 2x1 44> [8] [9] <xymatrix 4x1
150> [10] <xymatrix 3x1 82> <xymatrix 9x8 310> [11] <xymatrix 3x4 228> [12]
Underfull \hbox (badness 1571) in paragraph at lines 530--531
[]\OT1/cmr/m/sc/8 A. Cl[]ement\OT1/cmr/m/n/8 , \OT1/cmr/m/it/8 In-te-gral co-ho
-mol-ogy of fi-nite Post-nikov tow-ers\OT1/cmr/m/n/8 , Ph.D. the-sis, Uni-ver-
 []


Underfull \hbox (badness 1931) in paragraph at lines 530--531
\OT1/cmr/m/n/8 sity of Lau-sanne, Switzer-land, 2002. (See \OT1/cmtt/m/n/8 http
://www.unil.ch/cyberdocuments/ \OT1/cmr/m/n/8 and
 []

[13] (./article.aux) ) 
Here is how much of TeX's memory you used:
 4016 strings out of 95217
 45767 string characters out of 1184538
 2133169 words of memory out of 4588004
 6934 multiletter control sequences out of 10000+50000
 14217 words of font info for 57 fonts, out of 2000000 for 2000
 219 hyphenation exceptions out of 1000
 39i,19n,32p,907b,857s stack positions out of 1500i,500n,5000p,200000b,5000s
 138 PDF objects out of 300000
 0 named destinations out of 131072
 1 words of extra memory for PDF output out of 65536
</usr/local/teTeX/share/texmf.tetex/fonts/type1/bluesky/c
m/cmtt8.pfb></usr/local/teTeX/share/texmf.tetex/fonts/type1/bluesky/symbols/msa
m5.pfb></usr/local/teTeX/share/texmf.tetex/fonts/type1/bluesky/symbols/msam7.pf
b></usr/local/teTeX/share/texmf.tetex/fonts/type1/bluesky/symbols/msbm7.pfb></u
sr/local/teTeX/share/texmf.tetex/fonts/type1/bluesky/cm/cmsy5.pfb></usr/local/t
eTeX/share/texmf.tetex/fonts/type1/bluesky/cm/cmmi5.pfb></usr/local/teTeX/share
/texmf.tetex/fonts/type1/bluesky/cm/cmr5.pfb></usr/local/teTeX/share/texmf.tete
x/fonts/type1/public/xypic/xybtip10.pfb></usr/local/teTeX/share/texmf.tetex/fon
ts/type1/public/xypic/xyatip10.pfb></usr/local/teTeX/share/texmf.tetex/fonts/ty
pe1/bluesky/cm/cmmi7.pfb></usr/local/teTeX/share/texmf.tetex/fonts/type1/bluesk
y/cm/cmr7.pfb></usr/local/teTeX/share/texmf.tetex/fonts/type1/bluesky/cm/cmti8.
pfb></usr/local/teTeX/share/texmf.tetex/fonts/type1/bluesky/cm/cmti10.pfb></usr
/local/teTeX/share/texmf.tetex/fonts/type1/bluesky/cm/cmsy10.pfb></usr/local/te
TeX/share/texmf.tetex/fonts/type1/bluesky/symbols/msam10.pfb></usr/local/teTeX/
share/texmf.tetex/fonts/type1/bluesky/symbols/msbm10.pfb></usr/local/teTeX/shar
e/texmf.tetex/fonts/type1/bluesky/cm/cmex10.pfb></usr/local/teTeX/share/texmf.t
etex/fonts/type1/bluesky/cm/cmsy7.pfb></usr/local/teTeX/share/texmf.tetex/fonts
/type1/bluesky/cm/cmmi10.pfb></usr/local/teTeX/share/texmf.tetex/fonts/type1/bl
uesky/cm/cmbx10.pfb></usr/local/teTeX/share/texmf.tetex/fonts/type1/bluesky/sym
bols/msbm7.pfb></usr/local/teTeX/share/texmf.tetex/fonts/type1/bluesky/cm/cmsy6
.pfb></usr/local/teTeX/share/texmf.tetex/fonts/type1/public/tt2001/fmex8.pfb></
usr/local/teTeX/share/texmf.tetex/fonts/type1/bluesky/cm/cmsy8.pfb></usr/local/
teTeX/share/texmf.tetex/fonts/type1/bluesky/symbols/msam7.pfb></usr/local/teTeX
/share/texmf.tetex/fonts/type1/bluesky/cm/cmmi8.pfb></usr/local/teTeX/share/tex
mf.tetex/fonts/type1/bluesky/cm/cmr8.pfb></usr/local/teTeX/share/texmf.tetex/fo
nts/type1/bluesky/cm/cmcsc10.pfb></usr/local/teTeX/share/texmf.tetex/fonts/type
1/bluesky/cm/cmr10.pfb></usr/local/teTeX/share/texmf.tetex/fonts/type1/bluesky/
cm/cmr12.pfb></usr/local/teTeX/share/texmf.tetex/fonts/type1/bluesky/cm/cmbx12.
pfb></usr/local/teTeX/share/texmf.tetex/fonts/type1/bluesky/cm/cmr6.pfb>
Output written on article.pdf (13 pages, 253586 bytes).
