This is pdfTeX, Version 3.14159-1.10a (Web2C 7.4.5) (format=pdflatex 2003.2.16)  5 AUG 2003 18:00
**biblio.tex
(./biblio.tex{/usr/local/teTeX/share/texmf.local/pdftex/config/pdftex.cfg}
LaTeX2e <2001/06/01>
Babel <v3.7h> and hyphenation patterns for american, british, french, german, n
german, bahasa, basque, croatian, czech, danish, dutch, finnish, greek, italian
, latin, magyar, norsk, polish, portuges, romanian, russian, slovak, spanish, t
urkish, ukrainian, nohyphenation, loaded.
(./mrabbrev.tex)

! LaTeX Error: Environment thebibliography undefined.

See the LaTeX manual or LaTeX Companion for explanation.
Type  H <return>  for immediate help.
 ...                                              
                                                  
l.3 \begin{thebibliography}
                           {99}
? 
! Emergency stop.
 ...                                              
                                                  
l.3 \begin{thebibliography}
                           {99}
Your command was ignored.
Type  I <command> <return>  to replace it with another command,
or  <return>  to continue without it.

 
Here is how much of TeX's memory you used:
 4336 strings out of 95133
 27715 string characters out of 1182973
 179516 words of memory out of 1000001
 7487 multiletter control sequences out of 10000+50000
 3640 words of font info for 14 fonts, out of 500000 for 1000
 154 hyphenation exceptions out of 1000
 5i,0n,4p,180b,17s stack positions out of 1500i,500n,5000p,200000b,5000s
 0 PDF objects out of 300000
 0 named destinations out of 131072
 0 words of extra memory for PDF output out of 65536
No pages of output.
