This is pdfTeX, Version 3.14159-1.10a (Web2C 7.4.5) (format=pdflatex 2003.2.16)  21 APR 2004 18:22
**main.tex
(./main.tex{/usr/local/teTeX/share/texmf.local/pdftex/config/pdftex.cfg}
LaTeX2e <2001/06/01>
Babel <v3.7h> and hyphenation patterns for american, british, french, german, n
german, bahasa, basque, croatian, czech, danish, dutch, finnish, greek, italian
, latin, magyar, norsk, polish, portuges, romanian, russian, slovak, spanish, t
urkish, ukrainian, nohyphenation, loaded.
(/usr/local/teTeX/share/texmf/tex/latex/amscls/amsart.cls
Document Class: amsart 2000/10/26 v2.08
\linespacing=\dimen102
\normalparindent=\dimen103
\normaltopskip=\skip41
(/usr/local/teTeX/share/texmf/tex/latex/amsmath/amsmath.sty
Package: amsmath 2000/07/18 v2.13 AMS math features
\@mathmargin=\skip42

For additional information on amsmath, use the `?' option.
(/usr/local/teTeX/share/texmf/tex/latex/amsmath/amstext.sty
Package: amstext 2000/06/29 v2.01

(/usr/local/teTeX/share/texmf/tex/latex/amsmath/amsgen.sty
File: amsgen.sty 1999/11/30 v2.0
\@emptytoks=\toks14
\ex@=\dimen104
))
(/usr/local/teTeX/share/texmf/tex/latex/amsmath/amsbsy.sty
Package: amsbsy 1999/11/29 v1.2d
\pmbraise@=\dimen105
)
(/usr/local/teTeX/share/texmf/tex/latex/amsmath/amsopn.sty
Package: amsopn 1999/12/14 v2.01 operator names
)
\inf@bad=\count79
LaTeX Info: Redefining \frac on input line 211.
\uproot@=\count80
\leftroot@=\count81
LaTeX Info: Redefining \overline on input line 307.
\classnum@=\count82
\DOTSCASE@=\count83
LaTeX Info: Redefining \ldots on input line 379.
LaTeX Info: Redefining \dots on input line 382.
LaTeX Info: Redefining \cdots on input line 467.
\Mathstrutbox@=\box26
\strutbox@=\box27
\big@size=\dimen106
LaTeX Font Info:    Redeclaring font encoding OML on input line 567.
LaTeX Font Info:    Redeclaring font encoding OMS on input line 568.
\macc@depth=\count84
\c@MaxMatrixCols=\count85
\dotsspace@=\muskip10
\c@parentequation=\count86
\dspbrk@lvl=\count87
\tag@help=\toks15
\row@=\count88
\column@=\count89
\maxfields@=\count90
\andhelp@=\toks16
\eqnshift@=\dimen107
\alignsep@=\dimen108
\tagshift@=\dimen109
\tagwidth@=\dimen110
\totwidth@=\dimen111
\lineht@=\dimen112
\@envbody=\toks17
\multlinegap=\skip43
\multlinetaggap=\skip44
\mathdisplay@stack=\toks18
LaTeX Info: Redefining \[ on input line 2666.
LaTeX Info: Redefining \] on input line 2667.
)
LaTeX Font Info:    Try loading font information for U+msa on input line 395.

(/usr/local/teTeX/share/texmf/tex/latex/amsfonts/umsa.fd
File: umsa.fd 2002/01/19 v2.2g AMS font definitions
)
(/usr/local/teTeX/share/texmf/tex/latex/amsfonts/amsfonts.sty
Package: amsfonts 2001/10/25 v2.2f
\symAMSa=\mathgroup4
\symAMSb=\mathgroup5
LaTeX Font Info:    Overwriting math alphabet `\mathfrak' in version `bold'
(Font)                  U/euf/m/n --> U/euf/b/n on input line 132.
)
\copyins=\insert233
\abstractbox=\box28
\listisep=\skip45
\c@part=\count91
\c@section=\count92
\c@subsection=\count93
\c@subsubsection=\count94
\c@paragraph=\count95
\c@subparagraph=\count96
\c@figure=\count97
\c@table=\count98
\abovecaptionskip=\skip46
\belowcaptionskip=\skip47
\captionindent=\dimen113
\thm@style=\toks19
\thm@bodyfont=\toks20
\thm@headfont=\toks21
\thm@notefont=\toks22
\thm@headpunct=\toks23
\thm@preskip=\skip48
\thm@postskip=\skip49
\thm@headsep=\skip50
\dth@everypar=\toks24
)
(/usr/local/teTeX/share/texmf/tex/latex/amsfonts/amssymb.sty
Package: amssymb 2002/01/22 v2.2d
)
(/usr/local/teTeX/share/texmf/tex/latex/amsmath/amsxtra.sty
Package: amsxtra 1999/11/15 v1.2c
LaTeX Info: Redefining \nobreakspace on input line 77.
)
(/usr/local/teTeX/share/texmf/tex/generic/xypic/xy.sty
(/usr/local/teTeX/share/texmf/tex/generic/xypic/xy.tex Bootstrap'ing:
catcodes, docmode, (/usr/local/teTeX/share/texmf/tex/generic/xypic/xyrecat.tex)
(/usr/local/teTeX/share/texmf/tex/generic/xypic/xyidioms.tex)

 Xy-pic version 3.7 <1999/02/16>
 Copyright (c) 1991-1998 by Kristoffer H. Rose <krisrose@ens-lyon.fr>
 Xy-pic is free software: see the User's Guide for details.

Loading kernel: messages; fonts; allocations: state,
\X@c=\dimen114
\Y@c=\dimen115
\U@c=\dimen116
\D@c=\dimen117
\L@c=\dimen118
\R@c=\dimen119
\Edge@c=\toks25
\X@p=\dimen120
\Y@p=\dimen121
\U@p=\dimen122
\D@p=\dimen123
\L@p=\dimen124
\R@p=\dimen125
\Edge@p=\toks26
\X@origin=\dimen126
\Y@origin=\dimen127
\X@xbase=\dimen128
\Y@xbase=\dimen129
\X@ybase=\dimen130
\Y@ybase=\dimen131
\X@min=\dimen132
\Y@min=\dimen133
\X@max=\dimen134
\Y@max=\dimen135
\lastobjectbox@=\box29
\zerodotbox@=\box30
\almostz@=\dimen136
 direction,
\d@X=\dimen137
\d@Y=\dimen138
\K@=\count99
\KK@=\count100
\Direction=\count101
\K@dXdY=\dimen139
\K@dYdX=\dimen140
\xyread@=\read1
\xywrite@=\write3
\csp@=\count102
\quotPTK@=\dimen141

utility macros; pictures: \xy, positions,
\swaptoks@@=\toks27
\connectobjectbox@@=\box31
 objects,
\styletoks@=\toks28
 decorations;
kernel objects: directionals, circles, text; options; algorithms: directions,
edges, connections;  Xy-pic loaded)
Package: xy 1999/02/16 Xy-pic version 3.7

(/usr/local/teTeX/share/texmf/tex/generic/xypic/xyall.tex
 Xy-pic option: All features v.3.3
(/usr/local/teTeX/share/texmf/tex/generic/xypic/xycurve.tex
 Xy-pic option: Curve and Spline extension v.3.7 curve,
\crv@cnt@=\count103
\crvpts@=\toks29
\splinebox@=\box32
\splineval@=\dimen142
\splinedepth@=\dimen143
\splinetol@=\dimen144
\splinelength@=\dimen145
 circles,
\L@=\dimen146
 loaded)
(/usr/local/teTeX/share/texmf/tex/generic/xypic/xyframe.tex
 Xy-pic option: Frame and Bracket extension v.3.7 loaded)
(/usr/local/teTeX/share/texmf/tex/generic/xypic/xycmtip.tex
 Xy-pic option: Computer Modern tip extension v.3.3
(/usr/local/teTeX/share/texmf/tex/generic/xypic/xytips.tex
 Xy-pic option: More Tips extension v.3.3 loaded) loaded)
(/usr/local/teTeX/share/texmf/tex/generic/xypic/xyline.tex
 Xy-pic option: Line styles extension v.3.6
\xylinethick@=\dimen147
 loaded)
(/usr/local/teTeX/share/texmf/tex/generic/xypic/xyrotate.tex
 Xy-pic option: Rotate and Scale extension v.3.3 loaded)
(/usr/local/teTeX/share/texmf/tex/generic/xypic/xycolor.tex
 Xy-pic option: Colour extension v.3.3 loaded)
(/usr/local/teTeX/share/texmf/tex/generic/xypic/xymatrix.tex
 Xy-pic option: Matrix feature v.3.4
\Row=\count104
\Col=\count105
\queue@=\toks30
\queue@@=\toks31
\qcount@=\count106
\qcount@@=\count107
\matrixsize@=\count108
 loaded)
(/usr/local/teTeX/share/texmf/tex/generic/xypic/xyarrow.tex
 Xy-pic option: Arrow and Path feature v.3.5 path, \ar, loaded)
(/usr/local/teTeX/share/texmf/tex/generic/xypic/xygraph.tex
 Xy-pic option: Graph feature v.3.7 loaded) loaded))
(/usr/local/teTeX/share/texmf/tex/latex/misc/moreverb.sty
Package: moreverb 1997/12/07 v2.2d.2 `more' verbatim facilities

(/usr/local/teTeX/share/texmf/tex/latex/tools/verbatim.sty
Package: verbatim 2001/03/12 v1.5p LaTeX2e package for verbatim enhancements
\every@verbatim=\toks32
\verbatim@line=\toks33
\verbatim@in@stream=\read2
)
\verbatim@out=\write4
\tab@position=\count109
\tab@size=\count110
\listing@line=\count111
)
(/usr/local/teTeX/share/texmf/tex/latex/misc/supertabular.sty
Package: supertabular 2002/07/19 v4.1e the supertabular environment
\c@tracingst=\count112
\ST@wd=\dimen148
\ST@rightskip=\skip51
\ST@leftskip=\skip52
\ST@parfillskip=\skip53
\ST@pageleft=\dimen149
\ST@headht=\dimen150
\ST@tailht=\dimen151
\ST@pagesofar=\dimen152
\ST@pboxht=\dimen153
\ST@lineht=\dimen154
\ST@stretchht=\dimen155
\ST@prevht=\dimen156
\ST@toadd=\dimen157
\ST@dimen=\dimen158
\ST@pbox=\box33
)
(/usr/local/teTeX/share/texmf/tex/latex/multirow/multirow.sty
\bigstrutjot=\dimen159
)
(/usr/local/teTeX/share/texmf/tex/latex/misc/picinpar.sty
Pictures in Paragraphs. Version 1.2a, July 13, 1993
\br=\count113
\bl=\count114
\na=\count115
\nb=\count116
\tcdsav=\count117
\tcl=\count118
\tcd=\count119
\tcn=\count120
\cumtcl=\count121
\cumpartcl=\count122
\lftside=\dimen160
\rtside=\dimen161
\hpic=\dimen162
\vpic=\dimen163
\strutilg=\dimen164
\picwd=\dimen165
\topheight=\dimen166
\ilg=\dimen167
\lpic=\dimen168
\lwindowsep=\dimen169
\rwindowsep=\dimen170
\cumpar=\dimen171
\twa=\toks34
\la=\toks35
\ra=\toks36
\ha=\toks37
\pictoc=\toks38
\rawtext=\box34
\holder=\box35
\windowbox=\box36
\wartext=\box37
\finaltext=\box38
\aslice=\box39
\bslice=\box40
\wbox=\box41
\wstrutbox=\box42
\picbox=\box43
\waslice=\box44
\wbslice=\box45
\fslice=\box46
) (/usr/local/teTeX/share/texmf/tex/latex/fancyhdr/fancyhdr.sty
\headwidth=\dimen172
)
\c@thm=\count123
 (./main.aux)
\openout1 = `main.aux'.

LaTeX Font Info:    Checking defaults for OML/cmm/m/it on input line 104.
LaTeX Font Info:    ... okay on input line 104.
LaTeX Font Info:    Checking defaults for T1/cmr/m/n on input line 104.
LaTeX Font Info:    ... okay on input line 104.
LaTeX Font Info:    Checking defaults for OT1/cmr/m/n on input line 104.
LaTeX Font Info:    ... okay on input line 104.
LaTeX Font Info:    Checking defaults for OMS/cmsy/m/n on input line 104.
LaTeX Font Info:    ... okay on input line 104.
LaTeX Font Info:    Checking defaults for OMX/cmex/m/n on input line 104.
LaTeX Font Info:    ... okay on input line 104.
LaTeX Font Info:    Checking defaults for U/cmr/m/n on input line 104.
LaTeX Font Info:    ... okay on input line 104.
LaTeX Font Info:    Try loading font information for U+msa on input line 104.

(/usr/local/teTeX/share/texmf/tex/latex/amsfonts/umsa.fd
File: umsa.fd 2002/01/19 v2.2g AMS font definitions
)
LaTeX Font Info:    Try loading font information for U+msb on input line 104.

(/usr/local/teTeX/share/texmf/tex/latex/amsfonts/umsb.fd
File: umsb.fd 2002/01/19 v2.2g AMS font definitions
) [1{/usr/local/teTeX/share/texmf/dvips/config/pdftex.map}]
Overfull \hbox (1.48633pt too wide) in paragraph at lines 154--155
 /cmbx10/Ac-knowl-edge-ments.[] /cmr10/Fore-most I would like to thank my the-s
is ad-vi-sor []
 []

<xymatrix 5x1 158>

Package Fancyhdr Warning: \headheight is too small (8.0pt): 
 Make it at least 12.0pt.
 We now make it that large for the rest of the document.
 This may cause the page layout to be inconsistent, however.

[2] <xymatrix 4x1 120>
Overfull \hbox (2.85342pt too wide) in paragraph at lines 194--199
/cmr10/mod-ules $[]$ where $/cmmi10/^^XH$ /cmr10/is the im-age of the /cmbx10/F
robe-
 []

<xymatrix 5x1 158> [3] <xymatrix 15x4 599> [4] <xymatrix 3x1 102> [5]
<xymatrix 3x3 344> <xymatrix 3x2 152> [6] <xymatrix 3x1 102> <xymatrix 3x1
102> <xymatrix 9x8 310> <xymatrix 2x1 44> [7] <xymatrix 2x3 288> <xymatrix 2x2
181> <xymatrix 3x1 82> <xymatrix 2x1 44> [8] [9]
Overfull \hbox (15.34691pt too wide) in paragraph at lines 665--666
[]/cmr10/Thus $/cmmi10/Sq[]Sq[]x$ /cmr10/is de-com-pos-able since $/cmmi10/Q[]H
[]/cmr10/(/cmmi10/K/cmr10/(/cmmi10/G; m/cmr10/); /msbm10/F[]/cmr10/) =
 []

<xymatrix 4x1 150> [10] <xymatrix 3x1 82> <xymatrix 9x8 310> [11] [12]
<xymatrix 3x4 228> (./biblio.tex (./mrabbrev.tex)
Underfull \hbox (badness 1286) in paragraph at lines 43--44
[]/cmcsc10@8.0pt/A. Cl[]ement/cmr8/, /cmti8/In-te-gral co-ho-mol-ogy of fi-nite
 Post-nikov tow-ers/cmr8/, Ph.D. the-sis, Uni-ver-
 []


Underfull \hbox (badness 1490) in paragraph at lines 43--44
/cmr8/sity of Lau-sanne, Switzer-land, 2002. (See /cmtt8/http://www.unil.ch/cyb
erdocuments/ /cmr8/and
 []

) [13] (./main.aux) ) 
Here is how much of TeX's memory you used:
 8690 strings out of 95133
 76800 string characters out of 1182973
 323189 words of memory out of 1000001
 11535 multiletter control sequences out of 10000+50000
 12065 words of font info for 49 fonts, out of 500000 for 1000
 315 hyphenation exceptions out of 1000
 34i,19n,43p,901b,1019s stack positions out of 1500i,500n,5000p,200000b,5000s
 129 PDF objects out of 300000
 0 named destinations out of 131072
 0 words of extra memory for PDF output out of 65536
{/usr/local/teTeX/share/texmf/dvips/tetex/09fbbfac.enc}</u
sr/local/teTeX/share/texmf/fonts/type1/bluesky/cm/cmtt8.pfb></usr/local/teTeX/s
hare/texmf/fonts/type1/bluesky/symbols/msam5.pfb></usr/local/teTeX/share/texmf/
fonts/type1/bluesky/symbols/msam7.pfb></usr/local/teTeX/share/texmf/fonts/type1
/bluesky/symbols/msbm7.pfb>{/usr/local/teTeX/share/texmf/dvips/tetex/bbad153f.e
nc}</usr/local/teTeX/share/texmf/fonts/type1/bluesky/cm/cmsy5.pfb>{/usr/local/t
eTeX/share/texmf/dvips/tetex/aae443f0.enc}</usr/local/teTeX/share/texmf/fonts/t
ype1/bluesky/cm/cmmi5.pfb>{/usr/local/teTeX/share/texmf/dvips/tetex/0ef0afca.en
c}</usr/local/teTeX/share/texmf/fonts/type1/bluesky/cm/cmr5.pfb></usr/local/teT
eX/share/texmf/fonts/type1/public/xypic/xybtip10.pfb></usr/local/teTeX/share/te
xmf/fonts/type1/public/xypic/xyatip10.pfb></usr/local/teTeX/share/texmf/fonts/t
ype1/bluesky/cm/cmmi7.pfb>{/usr/local/teTeX/share/texmf/dvips/tetex/f7b6d320.en
c}</usr/local/teTeX/share/texmf/fonts/type1/bluesky/cm/cmr7.pfb>{/usr/local/teT
eX/share/texmf/dvips/tetex/74afc74c.enc}</usr/local/teTeX/share/texmf/fonts/typ
e1/bluesky/cm/cmti8.pfb></usr/local/teTeX/share/texmf/fonts/type1/bluesky/cm/cm
ti10.pfb></usr/local/teTeX/share/texmf/fonts/type1/bluesky/cm/cmsy10.pfb></usr/
local/teTeX/share/texmf/fonts/type1/bluesky/symbols/msam10.pfb></usr/local/teTe
X/share/texmf/fonts/type1/bluesky/symbols/msbm10.pfb></usr/local/teTeX/share/te
xmf/fonts/type1/bluesky/cm/cmex10.pfb></usr/local/teTeX/share/texmf/fonts/type1
/bluesky/cm/cmsy7.pfb></usr/local/teTeX/share/texmf/fonts/type1/bluesky/cm/cmmi
10.pfb></usr/local/teTeX/share/texmf/fonts/type1/bluesky/cm/cmr10.pfb></usr/loc
al/teTeX/share/texmf/fonts/type1/bluesky/symbols/msbm7.pfb></usr/local/teTeX/sh
are/texmf/fonts/type1/bluesky/cm/cmsy6.pfb></usr/local/teTeX/share/texmf/fonts/
type1/public/tt2001/fmex8.pfb></usr/local/teTeX/share/texmf/fonts/type1/bluesky
/cm/cmsy8.pfb></usr/local/teTeX/share/texmf/fonts/type1/bluesky/symbols/msam7.p
fb></usr/local/teTeX/share/texmf/fonts/type1/bluesky/cm/cmmi8.pfb></usr/local/t
eTeX/share/texmf/fonts/type1/bluesky/cm/cmcsc10.pfb></usr/local/teTeX/share/tex
mf/fonts/type1/bluesky/cm/cmr8.pfb></usr/local/teTeX/share/texmf/fonts/type1/bl
uesky/cm/cmbx10.pfb>
Output written on main.pdf (13 pages, 237974 bytes).
